<?xml version="1.0" encoding="UTF-8"?>
<!-- Generated by org.testng.reporters.JUnitReportReporter -->
<testsuite hostname="HP" failures="0" tests="2" name="Test.Form" time="79.465" errors="0" timestamp="2022-09-10T21:32:20 IST" skipped="0">
  <testcase classname="Test.Form" name="FormTest" time="41.264"/>
  <system-out/>
  <testcase classname="Test.Form" name="FormTest" time="38.201"/>
  <system-out/>
</testsuite> <!-- Test.Form -->
