<?xml version="1.0" encoding="UTF-8"?>
<!-- Generated by org.testng.reporters.JUnitReportReporter -->
<testsuite hostname="HP" failures="0" tests="2" name="Test.MessageVerify" time="22.251" errors="0" timestamp="2022-09-10T21:32:20 IST" skipped="0">
  <testcase classname="Test.MessageVerify" name="test1" time="9.927"/>
  <system-out/>
  <testcase classname="Test.MessageVerify" name="test1" time="12.324"/>
  <system-out/>
</testsuite> <!-- Test.MessageVerify -->
