<?xml version="1.0" encoding="UTF-8"?>
<!-- Generated by org.testng.reporters.JUnitReportReporter -->
<testsuite hostname="HP" failures="0" tests="1" name="Test.test3" time="38.641" errors="0" timestamp="2022-09-02T20:06:00 IST" skipped="0">
  <testcase classname="Test.test3" name="FormTest" time="38.641"/>
  <system-out/>
</testsuite> <!-- Test.test3 -->
