<?xml version="1.0" encoding="UTF-8"?>
<!-- Generated by org.testng.reporters.JUnitReportReporter -->
<testsuite hostname="HP" failures="0" tests="1" name="Test.test2" time="7.114" errors="0" timestamp="2022-09-02T14:43:58 IST" skipped="0">
  <testcase classname="Test.test2" name="SliderbarTest" time="7.114"/>
  <system-out/>
</testsuite> <!-- Test.test2 -->
