<?xml version="1.0" encoding="UTF-8"?>
<!-- Generated by org.testng.reporters.JUnitReportReporter -->
<testsuite hostname="HP" failures="0" tests="1" name="PageObject.Base" time="3.077" errors="0" timestamp="2022-09-01T22:22:10 IST" skipped="0">
  <testcase classname="PageObject.Base" name="test1" time="3.077"/>
  <system-out/>
</testsuite> <!-- PageObject.Base -->
