<?xml version="1.0" encoding="UTF-8"?>
<!-- Generated by org.testng.reporters.JUnitReportReporter -->
<testsuite hostname="HP" failures="0" tests="2" name="Test.Slider" time="22.072" errors="0" timestamp="2022-09-10T21:32:20 IST" skipped="0">
  <testcase classname="Test.Slider" name="SliderbarTest" time="13.140"/>
  <system-out/>
  <testcase classname="Test.Slider" name="SliderbarTest" time="8.932"/>
  <system-out/>
</testsuite> <!-- Test.Slider -->
