<?xml version="1.0" encoding="UTF-8"?>
<!-- Generated by org.testng.reporters.JUnitReportReporter -->
<testsuite hostname="HP" failures="0" tests="1" name="Test.Test1" time="4.332" errors="0" timestamp="2022-09-02T21:00:34 IST" skipped="0">
  <testcase classname="Test.Test1" name="test" time="4.332"/>
  <system-out/>
</testsuite> <!-- Test.Test1 -->
